<?xml version="1.0" encoding="UTF-8"?>
<testsuite xmlns:xsi="http://www.w3.org/2001/XMLSchema-instance" xsi:noNamespaceSchemaLocation="https://maven.apache.org/surefire/maven-surefire-plugin/xsd/surefire-test-report-3.0.xsd" version="3.0" name="com.prologiccreations.payrollapplication.PayrollApplicationTests" time="10.845" tests="1" errors="0" skipped="0" failures="0">
  <properties>
[...]
</properties>
  <testcase name="contextLoads" classname="com.prologiccreations.payrollapplication.PayrollApplicationTests" time="0.553">
    <system-out><![CDATA[15:56:37.062 [main] INFO org.springframework.test.context.support.AnnotationConfigContextLoaderUtils -- Could not detect default configuration classes for test class [com.prologiccreations.payrollapplication.PayrollApplicationTests]: PayrollApplicationTests does not declare any static, non-private, non-final, nested classes annotated with @Configuration.
15:56:37.177 [main] INFO org.springframework.boot.test.context.SpringBootTestContextBootstrapper -- Found @SpringBootConfiguration com.prologiccreations.payrollapplication.PayrollApplication for test class com.prologiccreations.payrollapplication.PayrollApplicationTests

  .   ____          _            __ _ _
 /\\ / ___'_ __ _ _(_)_ __  __ _ \ \ \ \
( ( )\___ | '_ | '_| | '_ \/ _` | \ \ \ \
 \\/  ___)| |_)| | | | | || (_| |  ) ) ) )
  '  |____| .__|_| |_|_| |_\__, | / / / /
 =========|_|==============|___/=/_/_/_/
 :: Spring Boot ::                (v3.1.0)

2024-06-24T15:56:37.632+06:00  INFO 6416 --- [           main] c.p.p.PayrollApplicationTests            : Starting PayrollApplicationTests using Java 17.0.8 with PID 6416 (started by JEE in D:\Java\angular\PayRoll_Management\Payroll_Management_System-main\backend)
2024-06-24T15:56:37.637+06:00  INFO 6416 --- [           main] c.p.p.PayrollApplicationTests            : No active profile set, falling back to 1 default profile: "default"
2024-06-24T15:56:38.615+06:00  INFO 6416 --- [           main] .s.d.r.c.RepositoryConfigurationDelegate : Bootstrapping Spring Data JPA repositories in DEFAULT mode.
2024-06-24T15:56:38.763+06:00  INFO 6416 --- [           main] .s.d.r.c.RepositoryConfigurationDelegate : Finished Spring Data repository scanning in 137 ms. Found 13 JPA repository interfaces.
2024-06-24T15:56:39.341+06:00  INFO 6416 --- [           main] o.hibernate.jpa.internal.util.LogHelper  : HHH000204: Processing PersistenceUnitInfo [name: default]
2024-06-24T15:56:39.405+06:00  INFO 6416 --- [           main] org.hibernate.Version                    : HHH000412: Hibernate ORM core version 6.2.2.Final
2024-06-24T15:56:39.407+06:00  INFO 6416 --- [           main] org.hibernate.cfg.Environment            : HHH000406: Using bytecode reflection optimizer
2024-06-24T15:56:39.602+06:00  INFO 6416 --- [           main] o.h.b.i.BytecodeProviderInitiator        : HHH000021: Bytecode provider name : bytebuddy
2024-06-24T15:56:39.763+06:00  INFO 6416 --- [           main] o.s.o.j.p.SpringPersistenceUnitInfo      : No LoadTimeWeaver setup: ignoring JPA class transformer
2024-06-24T15:56:39.791+06:00  INFO 6416 --- [           main] com.zaxxer.hikari.HikariDataSource       : HikariPool-1 - Starting...
2024-06-24T15:56:39.795+06:00  WARN 6416 --- [           main] c.zaxxer.hikari.util.DriverDataSource    : Registered driver with driverClassName=com.mysql.jdbc.Driver was not found, trying direct instantiation.
2024-06-24T15:56:40.171+06:00  INFO 6416 --- [           main] com.zaxxer.hikari.pool.HikariPool        : HikariPool-1 - Added connection com.mysql.cj.jdbc.ConnectionImpl@49d42faf
2024-06-24T15:56:40.173+06:00  INFO 6416 --- [           main] com.zaxxer.hikari.HikariDataSource       : HikariPool-1 - Start completed.
2024-06-24T15:56:40.224+06:00  INFO 6416 --- [           main] org.hibernate.orm.dialect                : HHH035001: Using dialect: org.hibernate.dialect.MySQLDialect, version: 8.0.36
2024-06-24T15:56:40.636+06:00  INFO 6416 --- [           main] o.h.b.i.BytecodeProviderInitiator        : HHH000021: Bytecode provider name : bytebuddy
2024-06-24T15:56:41.664+06:00  INFO 6416 --- [           main] o.h.e.t.j.p.i.JtaPlatformInitiator       : HHH000490: Using JtaPlatform implementation: [org.hibernate.engine.transaction.jta.platform.internal.NoJtaPlatform]
Hibernate: 
    create table `attendance` (
        `id` bigint not null auto_increment,
        `active` bit not null,
        `created_by` varchar(255),
        `created_date` datetime(6) not null,
        `modified_by` varchar(255),
        `modified_date` datetime(6),
        `hours_worked` integer not null,
        `location` varchar(255),
        `log_date` date,
        `overtime` bit not null,
        `present` bit not null,
        `remarks` varchar(255),
        `employee_id` bigint,
        primary key (`id`)
    ) engine=InnoDB
Hibernate: 
    create table `benefits` (
        `id` bigint not null auto_increment,
        `active` bit not null,
        `created_by` varchar(255),
        `created_date` datetime(6) not null,
        `modified_by` varchar(255),
        `modified_date` datetime(6),
        `benefit_cost` float(53) not null,
        `benefit_enrollment_date` date,
        `benefit_type` varchar(255),
        `benefitend_date` date,
        `description` varchar(255),
        `frequency` varchar(255),
        `taxable` bit not null,
        `employee_id` bigint,
        primary key (`id`)
    ) engine=InnoDB
Hibernate: 
    create table `department` (
        `id` bigint not null auto_increment,
        `active` bit not null,
        `created_by` varchar(255),
        `created_date` datetime(6) not null,
        `modified_by` varchar(255),
        `modified_date` datetime(6),
        `department_name` varchar(255),
        `description` varchar(255),
        `location` varchar(255),
        `department_head_id` bigint,
        primary key (`id`)
    ) engine=InnoDB
Hibernate: 
    create table `employee` (
        `id` bigint not null auto_increment,
        `active` bit not null,
        `created_by` varchar(255),
        `created_date` datetime(6) not null,
        `modified_by` varchar(255),
        `modified_date` datetime(6),
        `address` varchar(255),
        `bank_account_details` varchar(255),
        `date_of_birth` date,
        `department` varchar(255),
        `designation` varchar(255),
        `email` varchar(255),
        `employment_start_date` date,
        `employment_status` varchar(255),
        `first_name` varchar(255),
        `gender` varchar(255),
        `has_overtime` bit not null,
        `last_name` varchar(255),
        `national_id` float(53) not null,
        `phone` varchar(255),
        primary key (`id`)
    ) engine=InnoDB
Hibernate: 
    create table `leave` (
        `id` bigint not null auto_increment,
        `active` bit not null,
        `created_by` varchar(255),
        `created_date` datetime(6) not null,
        `modified_by` varchar(255),
        `modified_date` datetime(6),
        `approved` bit not null,
        `end_date` date,
        `half_day` bit not null,
        `leave_type` varchar(255),
        `reason` varchar(255),
        `start_date` date,
        `employee_id` bigint,
        primary key (`id`)
    ) engine=InnoDB
Hibernate: 
    create table `payment_history` (
        `id` bigint not null auto_increment,
        `active` bit not null,
        `created_by` varchar(255),
        `created_date` datetime(6) not null,
        `modified_by` varchar(255),
        `modified_date` datetime(6),
        `payment_amount` float(53) not null,
        `payment_date` date,
        `payment_method` varchar(255),
        `payment_status` varchar(255),
        `employee_id` bigint,
        primary key (`id`)
    ) engine=InnoDB
Hibernate: 
    create table `payroll_transaction` (
        `id` bigint not null auto_increment,
        `active` bit not null,
        `created_by` varchar(255),
        `created_date` datetime(6) not null,
        `modified_by` varchar(255),
        `modified_date` datetime(6),
        `deductions` float(53) not null,
        `gross_earnings` float(53) not null,
        `hours_worked` float(53) not null,
        `net_pay` float(53) not null,
        `overtime_hours` float(53) not null,
        `payroll_period` varchar(255),
        `employee_id` bigint,
        `salary_id` bigint,
        primary key (`id`)
    ) engine=InnoDB
Hibernate: 
    create table `permission` (
        `id` bigint not null auto_increment,
        `active` bit not null,
        `category` varchar(255),
        `component_key` varchar(255) not null,
        `description` varchar(255),
        `name` varchar(255) not null,
        primary key (`id`)
    ) engine=InnoDB
Hibernate: 
    create table `position` (
        `id` bigint not null auto_increment,
        `active` bit not null,
        `created_by` varchar(255),
        `created_date` datetime(6) not null,
        `modified_by` varchar(255),
        `modified_date` datetime(6),
        `position_title` varchar(255),
        `salary_range` float(53) not null,
        primary key (`id`)
    ) engine=InnoDB
Hibernate: 
    create table `role` (
        `id` bigint not null auto_increment,
        `active` bit not null,
        `created_by` varchar(255),
        `created_date` datetime(6) not null,
        `modified_by` varchar(255),
        `modified_date` datetime(6),
        `approved_at` datetime(6),
        `approved_by` varchar(255),
        `denial_reason` varchar(255),
        `is_approved` bit not null,
        `name` varchar(255) not null,
        primary key (`id`)
    ) engine=InnoDB
Hibernate: 
    create table `role_permissions` (
        `role_id` bigint not null,
        `permissions_id` bigint not null
    ) engine=InnoDB
Hibernate: 
    create table `salary` (
        `id` bigint not null auto_increment,
        `active` bit not null,
        `created_by` varchar(255),
        `created_date` datetime(6) not null,
        `modified_by` varchar(255),
        `modified_date` datetime(6),
        `bonuses` float(53) not null,
        `deductions` float(53) not null,
        `pay_frequency` varchar(255),
        `salary_amount` float(53) not null,
        `employee_id` bigint,
        primary key (`id`)
    ) engine=InnoDB
Hibernate: 
    create table `tax_withholding` (
        `id` bigint not null auto_increment,
        `active` bit not null,
        `created_by` varchar(255),
        `created_date` datetime(6) not null,
        `modified_by` varchar(255),
        `modified_date` datetime(6),
        `tax_amount` float(53) not null,
        `tax_type` varchar(255),
        `employee_id` bigint,
        primary key (`id`)
    ) engine=InnoDB
Hibernate: 
    create table `user` (
        `id` bigint not null auto_increment,
        `active` bit not null,
        `created_by` varchar(255),
        `created_date` datetime(6) not null,
        `modified_by` varchar(255),
        `modified_date` datetime(6),
        `approved_at` datetime(6),
        `approved_by` varchar(255),
        `denial_reason` varchar(255),
        `is_approved` bit not null,
        `name` varchar(255) not null,
        `password` varchar(255) not null,
        `username` varchar(255) not null,
        primary key (`id`)
    ) engine=InnoDB
Hibernate: 
    create table `user_roles` (
        `user_id` bigint not null,
        `roles_id` bigint not null
    ) engine=InnoDB
Hibernate: 
    alter table `permission` 
       drop index UK_g5x4srg75peqnybi8rg71w9sw
Hibernate: 
    alter table `permission` 
       add constraint UK_g5x4srg75peqnybi8rg71w9sw unique (`component_key`)
Hibernate: 
    alter table `permission` 
       drop index UK_2ojme20jpga3r4r79tdso17gi
Hibernate: 
    alter table `permission` 
       add constraint UK_2ojme20jpga3r4r79tdso17gi unique (`name`)
Hibernate: 
    alter table `user` 
       drop index UK_sb8bbouer5wak8vyiiy4pf2bx
Hibernate: 
    alter table `user` 
       add constraint UK_sb8bbouer5wak8vyiiy4pf2bx unique (`username`)
Hibernate: 
    alter table `attendance` 
       add constraint `FKsbb58lvsp1u37w49et7v70hyy` 
       foreign key (`employee_id`) 
       references `employee` (`id`)
Hibernate: 
    alter table `benefits` 
       add constraint `FKjsl3ftbt0losg8243bpxo62r4` 
       foreign key (`employee_id`) 
       references `employee` (`id`)
Hibernate: 
    alter table `department` 
       add constraint `FKeqm0cq37hbecrmbp22ekpo504` 
       foreign key (`department_head_id`) 
       references `employee` (`id`)
Hibernate: 
    alter table `leave` 
       add constraint `FK67onbx10fknyva792je9l1fbx` 
       foreign key (`employee_id`) 
       references `employee` (`id`)
Hibernate: 
    alter table `payment_history` 
       add constraint `FKc0kjwds5akxo410w9e761gi5s` 
       foreign key (`employee_id`) 
       references `employee` (`id`)
Hibernate: 
    alter table `payroll_transaction` 
       add constraint `FKjej5bnw8ljrnugmw5xp01802y` 
       foreign key (`employee_id`) 
       references `employee` (`id`)
Hibernate: 
    alter table `payroll_transaction` 
       add constraint `FKhf2iic0atk4eepx6p1s6ey3bj` 
       foreign key (`salary_id`) 
       references `salary` (`id`)
Hibernate: 
    alter table `role_permissions` 
       add constraint `FKq8hv89puoeoka6m1n8xmfxki8` 
       foreign key (`permissions_id`) 
       references `permission` (`id`)
Hibernate: 
    alter table `role_permissions` 
       add constraint `FKj3i1v9npf3hk7vrd37tutxovb` 
       foreign key (`role_id`) 
       references `role` (`id`)
Hibernate: 
    alter table `salary` 
       add constraint `FKp9y4lldjpip0hqfdu9wj8t82b` 
       foreign key (`employee_id`) 
       references `employee` (`id`)
Hibernate: 
    alter table `tax_withholding` 
       add constraint `FKeyqujjn28l4aburblvb431bcr` 
       foreign key (`employee_id`) 
       references `employee` (`id`)
Hibernate: 
    alter table `user_roles` 
       add constraint `FKo2rmqkw5pucpp44p39quu5al5` 
       foreign key (`roles_id`) 
       references `role` (`id`)
Hibernate: 
    alter table `user_roles` 
       add constraint `FK40cm955hgg5oxf1oax8mqw0c4` 
       foreign key (`user_id`) 
       references `user` (`id`)
2024-06-24T15:56:45.011+06:00  INFO 6416 --- [           main] j.LocalContainerEntityManagerFactoryBean : Initialized JPA EntityManagerFactory for persistence unit 'default'
2024-06-24T15:56:45.340+06:00  INFO 6416 --- [           main] o.s.d.j.r.query.QueryEnhancerFactory     : Hibernate is in classpath; If applicable, HQL parser will be used.
2024-06-24T15:56:46.516+06:00  WARN 6416 --- [           main] JpaBaseConfiguration$JpaWebConfiguration : spring.jpa.open-in-view is enabled by default. Therefore, database queries may be performed during view rendering. Explicitly configure spring.jpa.open-in-view to disable this warning
2024-06-24T15:56:46.786+06:00  INFO 6416 --- [           main] o.s.s.web.DefaultSecurityFilterChain     : Will secure any request with [org.springframework.security.web.session.DisableEncodeUrlFilter@7307e418, org.springframework.security.web.context.request.async.WebAsyncManagerIntegrationFilter@30d5668a, org.springframework.security.web.context.SecurityContextHolderFilter@793937ec, org.springframework.security.web.header.HeaderWriterFilter@52c4bf29, org.springframework.web.filter.CorsFilter@2769d577, org.springframework.security.web.authentication.logout.LogoutFilter@1643e817, com.prologiccreations.payrollapplication.filter.auth.AuthFilter@5cbf423b, org.springframework.security.web.savedrequest.RequestCacheAwareFilter@1913188a, org.springframework.security.web.servletapi.SecurityContextHolderAwareRequestFilter@2d260f2a, org.springframework.security.web.authentication.AnonymousAuthenticationFilter@25297d52, org.springframework.security.web.session.SessionManagementFilter@765611c9, org.springframework.security.web.access.ExceptionTranslationFilter@217c7135, org.springframework.security.web.access.intercept.AuthorizationFilter@10ba757f]
2024-06-24T15:56:47.119+06:00  INFO 6416 --- [           main] c.p.p.PayrollApplicationTests            : Started PayrollApplicationTests in 9.777 seconds (process running for 10.743)
]]></system-out>
    <system-err><![CDATA[Loading class `com.mysql.jdbc.Driver'. This is deprecated. The new driver class is `com.mysql.cj.jdbc.Driver'. The driver is automatically registered via the SPI and manual loading of the driver class is generally unnecessary.
]]></system-err>
  </testcase>
</testsuite>